<?xml version="1.0" encoding="UTF-8"?>
<testsuite name="MGMTDockerCleanupTest" tests="2" time="0.076103809" failures="0" errors="0" skipped="0" assertions="10" timestamp="2019-03-25T14:30:28+01:00">
  <testcase name="test_cleanup_images" time="0.039529856" assertions="5">
  </testcase>
  <testcase name="test_cleanup_images_conflict" time="0.0364177" assertions="5">
  </testcase>
  <system-err>
/home/me/.rbenv/versions/2.4.0/lib/ruby/gems/2.4.0/gems/docker-api-1.34.2/lib/docker/image.rb:129:in `get': warning: URI.escape is obsolete
/home/me/.rbenv/versions/2.4.0/lib/ruby/gems/2.4.0/gems/docker-api-1.34.2/lib/docker/image.rb:129:in `get': warning: URI.escape is obsolete
/home/me/.rbenv/versions/2.4.0/lib/ruby/gems/2.4.0/gems/docker-api-1.34.2/lib/docker/image.rb:129:in `get': warning: URI.escape is obsolete
/home/me/.rbenv/versions/2.4.0/lib/ruby/gems/2.4.0/gems/docker-api-1.34.2/lib/docker/image.rb:129:in `get': warning: URI.escape is obsolete
/home/me/.rbenv/versions/2.4.0/lib/ruby/gems/2.4.0/gems/docker-api-1.34.2/lib/docker/image.rb:129:in `get': warning: URI.escape is obsolete
/home/me/.rbenv/versions/2.4.0/lib/ruby/gems/2.4.0/gems/docker-api-1.34.2/lib/docker/image.rb:129:in `get': warning: URI.escape is obsolete
/home/me/.rbenv/versions/2.4.0/lib/ruby/gems/2.4.0/gems/docker-api-1.34.2/lib/docker/image.rb:129:in `get': warning: URI.escape is obsolete
/home/me/.rbenv/versions/2.4.0/lib/ruby/gems/2.4.0/gems/docker-api-1.34.2/lib/docker/image.rb:129:in `get': warning: URI.escape is obsolete
/home/me/.rbenv/versions/2.4.0/lib/ruby/gems/2.4.0/gems/docker-api-1.34.2/lib/docker/image.rb:129:in `get': warning: URI.escape is obsolete
/home/me/.rbenv/versions/2.4.0/lib/ruby/gems/2.4.0/gems/docker-api-1.34.2/lib/docker/image.rb:129:in `get': warning: URI.escape is obsolete
  </system-err>
</testsuite>
