<?xml version="1.0" encoding="UTF-8"?>
<testsuite name="NCI::Snap::BuildSnapUnpackerTest" tests="2" time="0.003928403" failures="0" errors="0" skipped="0" assertions="7" timestamp="2019-03-25T14:30:30+01:00">
  <testcase name="test_no_snap" time="0.001912235" assertions="3">
  </testcase>
  <testcase name="test_unpack" time="0.001881113" assertions="4">
  </testcase>
</testsuite>
