<?xml version="1.0" encoding="UTF-8"?>
<testsuite name="NCI::CMakePackagesTest" tests="1" time="0.200245634" failures="0" errors="0" skipped="0" assertions="3" timestamp="2019-03-25T14:30:28+01:00">
  <testcase name="test_run" time="0.200099025" assertions="3">
  </testcase>
</testsuite>
