<?xml version="1.0" encoding="UTF-8"?>
<testsuite name="Pangea::MailTest" tests="1" time="0.002004805" failures="0" errors="0" skipped="0" assertions="5" timestamp="2019-03-25T14:30:31+01:00">
  <testcase name="test_start" time="0.001916437" assertions="5">
  </testcase>
</testsuite>
