<?xml version="1.0" encoding="UTF-8"?>
<testsuite name="CMakeDepVerify::JUnit::SuiteTest" tests="2" time="0.008005807" failures="0" errors="0" skipped="0" assertions="2" timestamp="2019-03-25T14:30:24+01:00">
  <testcase name="test_gold" time="0.005391208" assertions="1">
  </testcase>
  <testcase name="test_init" time="0.002457348" assertions="1">
  </testcase>
  <system-err>
/home/me/.rbenv/versions/2.4.0/lib/ruby/gems/2.4.0/gems/nokogiri-1.6.8.1/lib/nokogiri/xml/document.rb:44: warning: constant ::Fixnum is deprecated
/home/me/.rbenv/versions/2.4.0/lib/ruby/gems/2.4.0/gems/nokogiri-1.6.8.1/lib/nokogiri/xml/document.rb:44: warning: constant ::Fixnum is deprecated
  </system-err>
</testsuite>
