<?xml version="1.0" encoding="UTF-8"?>
<testsuite name="OverlayBinsTest" tests="5" time="0.212809453" failures="0" errors="0" skipped="0" assertions="21" timestamp="2019-03-25T14:30:30+01:00">
  <testcase name="test_cmake" time="0.112188702" assertions="4">
  </testcase>
  <testcase name="test_cmake_no_verbose" time="0.023060927" assertions="4">
  </testcase>
  <testcase name="test_cmake_no_verbose_override" time="0.023413652" assertions="4">
  </testcase>
  <testcase name="test_tail" time="0.027057019" assertions="4">
  </testcase>
  <testcase name="test_tail_cache_copy" time="0.026719111" assertions="5">
  </testcase>
</testsuite>
