<?xml version="1.0" encoding="UTF-8"?>
<testsuite name="NCI::DebianMerge::NCITagDetectiveTest" tests="5" time="0.217049799" failures="0" errors="0" skipped="0" assertions="8" timestamp="2019-03-25T14:30:30+01:00">
  <testcase name="test_investigate" time="0.041067921" assertions="2">
  </testcase>
  <testcase name="test_last_tag_base" time="0.05491471" assertions="1">
  </testcase>
  <testcase name="test_pre_existing" time="0.03683712" assertions="2">
  </testcase>
  <testcase name="test_released_invalid" time="0.044618822" assertions="1">
  </testcase>
  <testcase name="test_unreleased" time="0.039179307" assertions="2">
  </testcase>
</testsuite>
