<?xml version="1.0" encoding="UTF-8"?>
<testsuite name="RakeBundleTest" tests="2" time="0.012186288" failures="0" errors="0" skipped="0" assertions="11" timestamp="2019-03-25T14:30:31+01:00">
  <testcase name="test_bundle" time="0.006960184" assertions="5">
  </testcase>
  <testcase name="test_bundle_nameerror" time="0.005013188" assertions="6">
  </testcase>
</testsuite>
