<?xml version="1.0" encoding="UTF-8"?>
<testsuite name="NCI::ImagerImgPushSupportTest" tests="1" time="0.001944493" failures="0" errors="0" skipped="0" assertions="3" timestamp="2019-03-25T14:30:30+01:00">
  <testcase name="test_old_directories_to_remove" time="0.001828892" assertions="3">
  </testcase>
</testsuite>
