<?xml version="1.0" encoding="UTF-8"?>
<testsuite name="NCI::JenkinsJobArtifactCleanerTest" tests="1" time="0.003524695" failures="0" errors="0" skipped="0" assertions="13" timestamp="2019-03-25T14:30:30+01:00">
  <testcase name="test_clean" time="0.003422598" assertions="13">
  </testcase>
  <system-out>
Cleaning aa in /tmp/NCI__JenkinsJobArtifactCleanerTest20190325-1589-1isma09/jobs/aa/builds/lastSuccessfulBuild/archive
Cleaning bb in /tmp/NCI__JenkinsJobArtifactCleanerTest20190325-1589-1isma09/jobs/bb/builds/lastSuccessfulBuild/archive
Cleaning foobasename in /tmp/NCI__JenkinsJobArtifactCleanerTest20190325-1589-1isma09/jobs/foobasename/builds/42/archive
  </system-out>
  <system-err>
Cleaning up job artifacts to conserve disk space.
  </system-err>
</testsuite>
