<?xml version="1.0" encoding="UTF-8"?>
<testsuite name="ShebangTest" tests="1" time="0.001511623" failures="0" errors="0" skipped="0" assertions="9" timestamp="2019-03-25T14:30:31+01:00">
  <testcase name="test_shebang" time="0.001377099" assertions="9">
  </testcase>
</testsuite>
