<?xml version="1.0" encoding="UTF-8"?>
<testsuite name="NCI::JenkinsBin::BuildSelectorTest" tests="5" time="0.012678431" failures="0" errors="0" skipped="0" assertions="6" timestamp="2019-03-25T14:30:30+01:00">
  <testcase name="test_build_selector" time="0.00269671" assertions="2">
  </testcase>
  <testcase name="test_build_selector_bad_slave_chain" time="0.002170253" assertions="1">
  </testcase>
  <testcase name="test_build_selector_not_configured_core" time="0.002221503" assertions="1">
  </testcase>
  <testcase name="test_build_selector_repeated_404" time="0.002984144" assertions="1">
  </testcase>
  <testcase name="test_build_selector_single_404" time="0.002276704" assertions="1">
  </testcase>
  <system-out>
Error on retry_it(unknown) :: JenkinsApi::Exceptions::NotFound
Error on retry_it(unknown) :: JenkinsApi::Exceptions::NotFound
Error on retry_it(unknown) :: JenkinsApi::Exceptions::NotFound
Error on retry_it(unknown) :: JenkinsApi::Exceptions::NotFound
Error on retry_it(unknown) :: JenkinsApi::Exceptions::NotFound
Error on retry_it(unknown) :: JenkinsApi::Exceptions::NotFound
Error on retry_it(unknown) :: JenkinsApi::Exceptions::NotFound
Error on retry_it(unknown) :: JenkinsApi::Exceptions::NotFound
Error on retry_it(unknown) :: JenkinsApi::Exceptions::NotFound
Error on retry_it(unknown) :: JenkinsApi::Exceptions::NotFound
Error on retry_it(unknown) :: JenkinsApi::Exceptions::NotFound
Error on retry_it(unknown) :: JenkinsApi::Exceptions::NotFound
Error on retry_it(unknown) :: JenkinsApi::Exceptions::NotFound
Error on retry_it(unknown) :: JenkinsApi::Exceptions::NotFound
Error on retry_it(unknown) :: JenkinsApi::Exceptions::NotFound
Error on retry_it(unknown) :: JenkinsApi::Exceptions::NotFound
Error on retry_it(unknown) :: JenkinsApi::Exceptions::NotFound
Error on retry_it(unknown) :: JenkinsApi::Exceptions::NotFound
Error on retry_it(unknown) :: JenkinsApi::Exceptions::NotFound
Error on retry_it(unknown) :: JenkinsApi::Exceptions::NotFound
Error on retry_it(unknown) :: JenkinsApi::Exceptions::NotFound
Error on retry_it(unknown) :: JenkinsApi::Exceptions::NotFound
Error on retry_it(unknown) :: JenkinsApi::Exceptions::NotFound
Error on retry_it(unknown) :: JenkinsApi::Exceptions::NotFound
Error on retry_it(unknown) :: JenkinsApi::Exceptions::NotFound
Error on retry_it(unknown) :: JenkinsApi::Exceptions::NotFound
Error on retry_it(unknown) :: JenkinsApi::Exceptions::NotFound
Error on retry_it(unknown) :: JenkinsApi::Exceptions::NotFound
  </system-out>
</testsuite>
