<?xml version="1.0" encoding="UTF-8"?>
<testsuite name="DeployUpgradeTest" tests="1" time="0.018827114" failures="0" errors="0" skipped="0" assertions="1" timestamp="2019-03-25T14:30:25+01:00">
  <testcase name="test_success" time="0.01871901" assertions="1">
  </testcase>
  <system-err>
/home/me/.rbenv/versions/2.4.0/lib/ruby/gems/2.4.0/gems/docker-api-1.34.2/lib/docker/container.rb:346:in `get': warning: URI.escape is obsolete
/home/me/.rbenv/versions/2.4.0/lib/ruby/gems/2.4.0/gems/docker-api-1.34.2/lib/docker/network.rb:54:in `get': warning: URI.escape is obsolete
/home/me/.rbenv/versions/2.4.0/lib/ruby/gems/2.4.0/gems/docker-api-1.34.2/lib/docker/container.rb:346:in `get': warning: URI.escape is obsolete
/home/me/.rbenv/versions/2.4.0/lib/ruby/gems/2.4.0/gems/docker-api-1.34.2/lib/docker/network.rb:54:in `get': warning: URI.escape is obsolete
/home/me/.rbenv/versions/2.4.0/lib/ruby/gems/2.4.0/gems/docker-api-1.34.2/lib/docker/container.rb:346:in `get': warning: URI.escape is obsolete
  </system-err>
</testsuite>
