<?xml version="1.0" encoding="UTF-8"?>
<testsuite name="GirTest" tests="1" time="0.240365566" failures="0" errors="0" skipped="0" assertions="1" timestamp="2019-03-25T14:30:25+01:00">
  <testcase name="test_require" time="0.24023816" assertions="1">
  </testcase>
</testsuite>
