<?xml version="1.0" encoding="UTF-8"?>
<testsuite name="FakePackageTest" tests="1" time="0.002638277" failures="0" errors="0" skipped="0" assertions="6" timestamp="2019-03-25T14:30:25+01:00">
  <testcase name="test_install" time="0.002545737" assertions="6">
  </testcase>
</testsuite>
