<?xml version="1.0" encoding="UTF-8"?>
<testsuite name="MGMTDockerTest" tests="1" time="0.002727565" failures="0" errors="0" skipped="0" assertions="1" timestamp="2019-03-25T14:30:28+01:00">
  <testcase name="test_render" time="0.002633827" assertions="1">
  </testcase>
</testsuite>
