<?xml version="1.0" encoding="UTF-8"?>
<testsuite name="NCI::ImagerPushTest" tests="1" time="0.049985183" failures="0" errors="0" skipped="0" assertions="8" timestamp="2019-03-25T14:30:30+01:00">
  <testcase name="test_run" time="0.049811152" assertions="8">
  </testcase>
</testsuite>
