<?xml version="1.0" encoding="UTF-8"?>
<testsuite name="NCI::JenkinsJobArtifactCleanerTestAll" tests="1" time="0.004966678" failures="0" errors="0" skipped="0" assertions="5" timestamp="2019-03-25T14:30:30+01:00">
  <testcase name="test_clean" time="0.004834973" assertions="5">
  </testcase>
</testsuite>
