<?xml version="1.0" encoding="UTF-8"?>
<testsuite name="ParseYAMLTest" tests="1" time="0.511380362" failures="0" errors="0" skipped="0" assertions="40" timestamp="2019-03-25T14:30:31+01:00">
  <testcase name="test_syntax" time="0.511250893" assertions="40">
  </testcase>
</testsuite>
