<?xml version="1.0" encoding="UTF-8"?>
<testsuite name="CMakeDepVerify::PackageTest" tests="2" time="0.018179165" failures="0" errors="0" skipped="0" assertions="16" timestamp="2019-03-25T14:30:24+01:00">
  <testcase name="test_test_fail" time="0.00844602" assertions="8">
  </testcase>
  <testcase name="test_test_success" time="0.009540352" assertions="8">
  </testcase>
  <system-out>
[�[32m17b65ee4�[0m] �[34m(dry run)�[0m �[33;1mcd /tmp/d20190325-1589-7v3tjy &amp;&amp; cmake .�[0m
  </system-out>
  <system-err>
/home/me/src/git/pangea-tooling/ci-tooling/lib/apt.rb:85: warning: instance variable @auto_update_disabled not initialized
/home/me/src/git/pangea-tooling/ci-tooling/lib/apt.rb:85: warning: instance variable @auto_update_disabled not initialized
/home/me/src/git/pangea-tooling/ci-tooling/lib/apt.rb:85: warning: instance variable @auto_update_disabled not initialized
/home/me/src/git/pangea-tooling/ci-tooling/lib/apt.rb:85: warning: instance variable @auto_update_disabled not initialized
/home/me/src/git/pangea-tooling/ci-tooling/lib/apt.rb:85: warning: instance variable @auto_update_disabled not initialized
  </system-err>
</testsuite>
