<?xml version="1.0" encoding="UTF-8"?>
<testsuite name="ExecutableTest" tests="1" time="0.022538491" failures="0" errors="0" skipped="0" assertions="100" timestamp="2019-03-25T14:30:25+01:00">
  <testcase name="test_all_binaries_exectuable" time="0.022406387" assertions="100">
  </testcase>
</testsuite>
