<?xml version="1.0" encoding="UTF-8"?>
<testsuite name="JenkinsJobNCIProjectTest" tests="1" time="0.004268627" failures="0" errors="0" skipped="0" assertions="3" timestamp="2019-03-25T14:30:25+01:00">
  <testcase name="test_nesting" time="0.004171032" assertions="3">
  </testcase>
</testsuite>
