<?xml version="1.0" encoding="UTF-8"?>
<testsuite name="DeployTest" tests="4" time="0.533035362" failures="0" errors="0" skipped="0" assertions="10" timestamp="2019-03-25T14:30:24+01:00">
  <testcase name="test_deploy_exists" time="0.074266625" assertions="1">
  </testcase>
  <testcase name="test_deploy_new" time="0.351950141" assertions="1">
  </testcase>
  <testcase name="test_openqa" time="0.002314297" assertions="4">
  </testcase>
  <testcase name="test_upgrade" time="0.104185289" assertions="4">
  </testcase>
  <system-out>
backticking: dpkg-architecture -Wmaster -L
pid 2258 exit 0
backticking: dpkg-architecture -qDEB_HOST_ARCH
pid 2259 exit 0
backticking: dpkg-architecture -Wmaster -L
pid 2266 exit 0
backticking: dpkg-architecture -qDEB_HOST_ARCH
pid 2267 exit 0
backticking: dpkg-architecture -Wmaster -L
pid 2275 exit 0
backticking: dpkg-architecture -qDEB_HOST_ARCH
pid 2276 exit 0
backticking: dpkg-architecture -Wmaster -L
pid 2283 exit 0
backticking: dpkg-architecture -qDEB_HOST_ARCH
pid 2284 exit 0
backticking: dpkg-architecture -Wmaster -L
pid 2291 exit 0
backticking: dpkg-architecture -qDEB_HOST_ARCH
pid 2294 exit 0
backticking: dpkg-architecture -Wmaster -L
pid 2308 exit 0
backticking: dpkg-architecture -qDEB_HOST_ARCH
pid 2309 exit 0
backticking: dpkg-architecture -Wmaster -L
pid 2312 exit 0
backticking: dpkg-architecture -qDEB_HOST_ARCH
pid 2313 exit 0
Failed to create Image from ubuntu:test_upgrade
Trying again with tag wily and an upgrade...
  </system-out>
  <system-err>
Deploying ubuntu wily from []
/home/me/.rbenv/versions/2.4.0/lib/ruby/gems/2.4.0/gems/docker-api-1.34.2/lib/docker/image.rb:129:in `get': warning: URI.escape is obsolete
/home/me/.rbenv/versions/2.4.0/lib/ruby/gems/2.4.0/gems/docker-api-1.34.2/lib/docker/image.rb:129:in `get': warning: URI.escape is obsolete
Deploying ubuntu vivid from []
/home/me/.rbenv/versions/2.4.0/lib/ruby/gems/2.4.0/gems/docker-api-1.34.2/lib/docker/image.rb:129:in `get': warning: URI.escape is obsolete
/home/me/.rbenv/versions/2.4.0/lib/ruby/gems/2.4.0/gems/docker-api-1.34.2/lib/docker/image.rb:129:in `get': warning: URI.escape is obsolete
Deploying debian 1706 from []
/home/me/.rbenv/versions/2.4.0/lib/ruby/gems/2.4.0/gems/docker-api-1.34.2/lib/docker/image.rb:129:in `get': warning: URI.escape is obsolete
/home/me/.rbenv/versions/2.4.0/lib/ruby/gems/2.4.0/gems/docker-api-1.34.2/lib/docker/image.rb:129:in `get': warning: URI.escape is obsolete
Deploying debian 1710 from []
/home/me/.rbenv/versions/2.4.0/lib/ruby/gems/2.4.0/gems/docker-api-1.34.2/lib/docker/image.rb:129:in `get': warning: URI.escape is obsolete
/home/me/.rbenv/versions/2.4.0/lib/ruby/gems/2.4.0/gems/docker-api-1.34.2/lib/docker/image.rb:129:in `get': warning: URI.escape is obsolete
Deploying debian backports from []
/home/me/.rbenv/versions/2.4.0/lib/ruby/gems/2.4.0/gems/docker-api-1.34.2/lib/docker/image.rb:129:in `get': warning: URI.escape is obsolete
/home/me/.rbenv/versions/2.4.0/lib/ruby/gems/2.4.0/gems/docker-api-1.34.2/lib/docker/image.rb:129:in `get': warning: URI.escape is obsolete
Deploying ubuntu wily from []
/home/me/.rbenv/versions/2.4.0/lib/ruby/gems/2.4.0/gems/docker-api-1.34.2/lib/docker/image.rb:129:in `get': warning: URI.escape is obsolete
/home/me/.rbenv/versions/2.4.0/lib/ruby/gems/2.4.0/gems/docker-api-1.34.2/lib/docker/image.rb:129:in `get': warning: URI.escape is obsolete
/home/me/.rbenv/versions/2.4.0/lib/ruby/gems/2.4.0/gems/docker-api-1.34.2/lib/docker/image.rb:129:in `get': warning: URI.escape is obsolete
Deploying ubuntu vivid from []
/home/me/.rbenv/versions/2.4.0/lib/ruby/gems/2.4.0/gems/docker-api-1.34.2/lib/docker/image.rb:129:in `get': warning: URI.escape is obsolete
/home/me/.rbenv/versions/2.4.0/lib/ruby/gems/2.4.0/gems/docker-api-1.34.2/lib/docker/image.rb:129:in `get': warning: URI.escape is obsolete
/home/me/.rbenv/versions/2.4.0/lib/ruby/gems/2.4.0/gems/docker-api-1.34.2/lib/docker/image.rb:129:in `get': warning: URI.escape is obsolete
Deploying debian 1706 from []
/home/me/.rbenv/versions/2.4.0/lib/ruby/gems/2.4.0/gems/docker-api-1.34.2/lib/docker/image.rb:129:in `get': warning: URI.escape is obsolete
/home/me/.rbenv/versions/2.4.0/lib/ruby/gems/2.4.0/gems/docker-api-1.34.2/lib/docker/image.rb:129:in `get': warning: URI.escape is obsolete
/home/me/.rbenv/versions/2.4.0/lib/ruby/gems/2.4.0/gems/docker-api-1.34.2/lib/docker/image.rb:129:in `get': warning: URI.escape is obsolete
Deploying debian 1710 from []
/home/me/.rbenv/versions/2.4.0/lib/ruby/gems/2.4.0/gems/docker-api-1.34.2/lib/docker/image.rb:129:in `get': warning: URI.escape is obsolete
/home/me/.rbenv/versions/2.4.0/lib/ruby/gems/2.4.0/gems/docker-api-1.34.2/lib/docker/image.rb:129:in `get': warning: URI.escape is obsolete
/home/me/.rbenv/versions/2.4.0/lib/ruby/gems/2.4.0/gems/docker-api-1.34.2/lib/docker/image.rb:129:in `get': warning: URI.escape is obsolete
Deploying debian backports from []
/home/me/.rbenv/versions/2.4.0/lib/ruby/gems/2.4.0/gems/docker-api-1.34.2/lib/docker/image.rb:129:in `get': warning: URI.escape is obsolete
/home/me/.rbenv/versions/2.4.0/lib/ruby/gems/2.4.0/gems/docker-api-1.34.2/lib/docker/image.rb:129:in `get': warning: URI.escape is obsolete
/home/me/.rbenv/versions/2.4.0/lib/ruby/gems/2.4.0/gems/docker-api-1.34.2/lib/docker/image.rb:129:in `get': warning: URI.escape is obsolete
Deploying ubuntu wily from ["vivid"]
Deploying ubuntu wily from ["vivid"]
Deploying ubuntu wily from ["vivid"]
/home/me/.rbenv/versions/2.4.0/lib/ruby/gems/2.4.0/gems/docker-api-1.34.2/lib/docker/image.rb:129:in `get': warning: URI.escape is obsolete
Deploying ubuntu test_upgrade from ["wily"]
/home/me/.rbenv/versions/2.4.0/lib/ruby/gems/2.4.0/gems/docker-api-1.34.2/lib/docker/image.rb:129:in `get': warning: URI.escape is obsolete
  </system-err>
</testsuite>
