<?xml version="1.0" encoding="UTF-8"?>
<testsuite name="NCIJenkinsArchiveTest" tests="1" time="0.008089286" failures="0" errors="0" skipped="0" assertions="29" timestamp="2019-03-25T14:30:30+01:00">
  <testcase name="test_jenkins_archive_builds" time="0.007983345" assertions="29">
  </testcase>
</testsuite>
