<?xml version="1.0" encoding="UTF-8"?>
<testsuite name="NCI::Snap::IdentifierTest" tests="3" time="0.00511386" failures="0" errors="0" skipped="0" assertions="10" timestamp="2019-03-25T14:30:30+01:00">
  <testcase name="test_bad_inputs" time="0.00179069" assertions="2">
  </testcase>
  <testcase name="test_extensive" time="0.001595281" assertions="4">
  </testcase>
  <testcase name="test_init" time="0.001517995" assertions="4">
  </testcase>
</testsuite>
