<?xml version="1.0" encoding="UTF-8"?>
<testsuite name="KDEProjectComponentTest" tests="1" time="0.008634855" failures="0" errors="0" skipped="0" assertions="4" timestamp="2019-03-25T14:30:28+01:00">
  <testcase name="test_kdeprojectcomponent" time="0.008534601" assertions="4">
  </testcase>
</testsuite>
