<?xml version="1.0" encoding="UTF-8"?>
<testsuite name="NCI::DebianMerge::NCIRepositoryTest" tests="8" time="1.050084931" failures="0" errors="0" skipped="0" assertions="18" timestamp="2019-03-25T14:30:29+01:00">
  <testcase name="test_bad_latest_tag" time="0.059292902" assertions="2">
  </testcase>
  <testcase name="test_clonery" time="0.087920669" assertions="3">
  </testcase>
  <testcase name="test_last_tag_with_override" time="0.08791341" assertions="1">
  </testcase>
  <testcase name="test_noop_already_merged" time="0.081497827" assertions="2">
  </testcase>
  <testcase name="test_orphan_branch" time="0.088390668" assertions="2">
  </testcase>
  <testcase name="test_push_mangle" time="0.624795392" assertions="2">
  </testcase>
  <testcase name="test_rugged_ssh_fail" time="0.001812746" assertions="2">
  </testcase>
  <testcase name="test_ssh_cred" time="0.017805007" assertions="4">
  </testcase>
  <system-out>
file:///tmp/NCI__DebianMerge__NCIRepositoryTest20190325-1589-1t8m0q9/remote/fishy, debian/2, debian/5-0
file:///tmp/NCI__DebianMerge__NCIRepositoryTest20190325-1589-1sf59cz/remote/fishy, debian/2, debian/2-0
/tmp/NCI__DebianMerge__NCIRepositoryTest20190325-1589-1sf59cz/fishy : debian/2-0
pull url file:///tmp/NCI__DebianMerge__NCIRepositoryTest20190325-1589-1sf59cz/remote/fishy
tip:: ["refs/remotes/origin/Neon/pending-merge", nil, "39d33f5c40d4ad949c026da3676832151c8fa4e1"]
file:///tmp/NCI__DebianMerge__NCIRepositoryTest20190325-1589-dxwjfl/remote/kpackage, debian/1.17.0, debian/1.17.1-0
"debian/1.17.0"
["debian/1.17.1"]
/tmp/NCI__DebianMerge__NCIRepositoryTest20190325-1589-dxwjfl/kpackage : debian/1.17.1-0
pull url file:///tmp/NCI__DebianMerge__NCIRepositoryTest20190325-1589-dxwjfl/remote/kpackage
tip:: ["refs/remotes/origin/Neon/pending-merge", nil, "39d33f5c40d4ad949c026da3676832151c8fa4e1"]
file:///tmp/NCI__DebianMerge__NCIRepositoryTest20190325-1589-1qt5won/remote/fishy, debian/2, debian/2-0
/tmp/NCI__DebianMerge__NCIRepositoryTest20190325-1589-1qt5won/fishy : debian/2-0
file:///tmp/NCI__DebianMerge__NCIRepositoryTest20190325-1589-izord1/remote/fishy, debian/2, debian/2-0
/tmp/NCI__DebianMerge__NCIRepositoryTest20190325-1589-izord1/fishy : debian/2-0
-- remot set-url
Running �[33;1mnslookup anongit.neon.kde.org�[0m
	Server:		8.8.8.8
Address:	8.8.8.8#53

Non-authoritative answer:
anongit.neon.kde.org	canonical name = neon.anonscm.local-kde.org.
Name:	neon.anonscm.local-kde.org
Address: 31.216.41.69

Finished in 0.202 seconds with exit status 0 (�[32;1msuccessful�[0m)
Running �[33;1mgit remote set-url origin git://anongit.neon.kde.org/kde/khtml�[0m
Finished in 0.003 seconds with exit status 0 (�[32;1msuccessful�[0m)

pull url git://anongit.neon.kde.org/kde/khtml
mangle to neon@git.neon.kde.org:kde/khtml
Running �[33;1mgit remote show origin�[0m
	* remote origin
  Fetch URL: git://anongit.neon.kde.org/kde/khtml
  Push  URL: neon@git.neon.kde.org:kde/khtml
  HEAD branch: master
  Remote branches:
    Neon/release                new (next fetch will store in remotes/origin)
    Neon/release-lts            new (next fetch will store in remotes/origin)
    Neon/release-lts_xenial     new (next fetch will store in remotes/origin)
    Neon/release_xenial         new (next fetch will store in remotes/origin)
    Neon/unstable               new (next fetch will store in remotes/origin)
    Neon/unstable-backup        new (next fetch will store in remotes/origin)
    Neon/unstable-backup_xenial new (next fetch will store in remotes/origin)
    Neon/unstable_merge         new (next fetch will store in remotes/origin)
    Neon/unstable_xenial        new (next fetch will store in remotes/origin)
    master                      new (next fetch will store in remotes/origin)
  Local branch configured for 'git pull':
    master merges with remote master
Finished in 0.399 seconds with exit status 0 (�[32;1msuccessful�[0m)
  </system-out>
  <system-err>
Tag expectations not matching, checking overrides.
Tag expectations not matching, checking overrides.
/home/me/src/git/pangea-tooling/nci/debian-merge/repository.rb:82: warning: instance variable @dirty not initialized
fishy ret: * remote origin
  Fetch URL: git://anongit.neon.kde.org/kde/khtml
  Push  URL: neon@git.neon.kde.org:kde/khtml
  HEAD branch: master
  Remote branches:
    Neon/release                new (next fetch will store in remotes/origin)
    Neon/release-lts            new (next fetch will store in remotes/origin)
    Neon/release-lts_xenial     new (next fetch will store in remotes/origin)
    Neon/release_xenial         new (next fetch will store in remotes/origin)
    Neon/unstable               new (next fetch will store in remotes/origin)
    Neon/unstable-backup        new (next fetch will store in remotes/origin)
    Neon/unstable-backup_xenial new (next fetch will store in remotes/origin)
    Neon/unstable_merge         new (next fetch will store in remotes/origin)
    Neon/unstable_xenial        new (next fetch will store in remotes/origin)
    master                      new (next fetch will store in remotes/origin)
  Local branch configured for 'git pull':
    master merges with remote master; $? pid 3840 exit 0
  </system-err>
</testsuite>
