<?xml version="1.0" encoding="UTF-8"?>
<testsuite name="JenkinsJobDirTest" tests="2" time="0.014808467" failures="0" errors="0" skipped="0" assertions="44" timestamp="2019-06-27T13:06:28+02:00">
  <testcase name="test_prune" time="0.01063235" assertions="23">
  </testcase>
  <testcase name="test_prune_builds" time="0.004022134" assertions="21">
  </testcase>
</testsuite>
