<?xml version="1.0" encoding="UTF-8"?>
<testsuite name="NCI::CMakePackagesTest" tests="1" time="0.19623849" failures="0" errors="0" skipped="0" assertions="3" timestamp="2019-06-27T13:06:30+02:00">
  <testcase name="test_run" time="0.196068275" assertions="3">
  </testcase>
</testsuite>
