<?xml version="1.0" encoding="UTF-8"?>
<testsuite name="NCI::Snap::BuildSnapPartCollapserTest" tests="2" time="0.00387487" failures="0" errors="0" skipped="0" assertions="7" timestamp="2019-06-27T13:06:32+02:00">
  <testcase name="test_part_collapse" time="0.002130941" assertions="6">
  </testcase>
  <testcase name="test_part_no_cmake" time="0.001582726" assertions="1">
  </testcase>
</testsuite>
