<?xml version="1.0" encoding="UTF-8"?>
<testsuite name="NCI::DebianMerge::NCITagDetectiveTest" tests="5" time="0.252989246" failures="0" errors="0" skipped="0" assertions="8" timestamp="2019-06-27T13:06:31+02:00">
  <testcase name="test_investigate" time="0.050115769" assertions="2">
  </testcase>
  <testcase name="test_last_tag_base" time="0.064921364" assertions="1">
  </testcase>
  <testcase name="test_pre_existing" time="0.043525039" assertions="2">
  </testcase>
  <testcase name="test_released_invalid" time="0.051234711" assertions="1">
  </testcase>
  <testcase name="test_unreleased" time="0.0427137" assertions="2">
  </testcase>
</testsuite>
