<?xml version="1.0" encoding="UTF-8"?>
<testsuite name="NCI::ImagerImgPushSupportTest" tests="1" time="0.002077601" failures="0" errors="0" skipped="0" assertions="3" timestamp="2019-06-27T13:06:32+02:00">
  <testcase name="test_old_directories_to_remove" time="0.001978519" assertions="3">
  </testcase>
</testsuite>
