<?xml version="1.0" encoding="UTF-8"?>
<testsuite name="GirTest" tests="1" time="0.23086494" failures="0" errors="0" skipped="0" assertions="1" timestamp="2019-06-27T13:06:27+02:00">
  <testcase name="test_require" time="0.230740532" assertions="1">
  </testcase>
</testsuite>
