<?xml version="1.0" encoding="UTF-8"?>
<testsuite name="ParseYAMLTest" tests="1" time="0.552379721" failures="0" errors="0" skipped="0" assertions="40" timestamp="2019-06-27T13:06:32+02:00">
  <testcase name="test_syntax" time="0.552264248" assertions="40">
  </testcase>
</testsuite>
