<?xml version="1.0" encoding="UTF-8"?>
<testsuite name="AllTestCasesArePangeaCases" tests="1" time="0.026243773" failures="0" errors="0" skipped="0" assertions="1" timestamp="2019-06-27T13:06:26+02:00">
  <testcase name="test_all_testcases_are_pangea_testcases" time="0.026082013" assertions="1">
  </testcase>
</testsuite>
