<?xml version="1.0" encoding="UTF-8"?>
<testsuite name="JenkinsJobNCIProjectTest" tests="1" time="0.003462035" failures="0" errors="0" skipped="0" assertions="3" timestamp="2019-06-27T13:06:28+02:00">
  <testcase name="test_nesting" time="0.003354011" assertions="3">
  </testcase>
</testsuite>
