<?xml version="1.0" encoding="UTF-8"?>
<testsuite name="NCI::JenkinsBin::JenkinsBinTest" tests="9" time="0.026641913" failures="0" errors="0" skipped="0" assertions="12" timestamp="2019-06-27T13:06:32+02:00">
  <testcase name="test_core_coercion_downgrade" time="0.003004236" assertions="1">
  </testcase>
  <testcase name="test_core_coercion_upgrade" time="0.003349097" assertions="1">
  </testcase>
  <testcase name="test_cores_downgrade_2" time="0.00236178" assertions="1">
  </testcase>
  <testcase name="test_cores_downgrade_4" time="0.002729069" assertions="1">
  </testcase>
  <testcase name="test_cores_downgrade_8" time="0.002751309" assertions="1">
  </testcase>
  <testcase name="test_cores_upgrade_2" time="0.002985096" assertions="1">
  </testcase>
  <testcase name="test_cores_upgrade_4" time="0.002810888" assertions="1">
  </testcase>
  <testcase name="test_cores_upgrade_8" time="0.002982467" assertions="1">
  </testcase>
  <testcase name="test_slave" time="0.003093962" assertions="4">
  </testcase>
</testsuite>
