<?xml version="1.0" encoding="UTF-8"?>
<testsuite name="NCI::JenkinsJobArtifactCleanerTestAll" tests="1" time="0.004783277" failures="0" errors="0" skipped="0" assertions="5" timestamp="2019-06-27T13:06:32+02:00">
  <testcase name="test_clean" time="0.004680726" assertions="5">
  </testcase>
</testsuite>
