<?xml version="1.0" encoding="UTF-8"?>
<testsuite name="NCI::DebianMerge::NCITagMergerTest" tests="2" time="0.006259191" failures="0" errors="0" skipped="0" assertions="9" timestamp="2019-06-27T13:06:31+02:00">
  <testcase name="test_run" time="0.003001636" assertions="5">
  </testcase>
  <testcase name="test_run_fail" time="0.003036492" assertions="4">
  </testcase>
</testsuite>
