<?xml version="1.0" encoding="UTF-8"?>
<testsuite name="NCI::Snap::BuildSnapCollapserTest" tests="1" time="0.004423417" failures="0" errors="0" skipped="0" assertions="4" timestamp="2019-06-27T13:06:32+02:00">
  <testcase name="test_snap_collapse" time="0.004312771" assertions="4">
  </testcase>
</testsuite>
