<?xml version="1.0" encoding="UTF-8"?>
<testsuite name="NCI::Snap::ManifestExtendertest" tests="3" time="0.013214221" failures="0" errors="0" skipped="0" assertions="15" timestamp="2019-06-27T13:06:32+02:00">
  <testcase name="test_no_run_without_base_snap" time="0.002780833" assertions="5">
  </testcase>
  <testcase name="test_run" time="0.005447072" assertions="5">
  </testcase>
  <testcase name="test_run_using_sdk" time="0.004773458" assertions="5">
  </testcase>
  <system-err>
NOT A KF5 BUILD SNAP USER. NOT MANGLING MANIFEST!
  </system-err>
</testsuite>
