<?xml version="1.0" encoding="UTF-8"?>
<testsuite name="NCI::ImagerPushTest" tests="1" time="0.042421388" failures="0" errors="0" skipped="0" assertions="9" timestamp="2019-06-27T13:06:32+02:00">
  <testcase name="test_run" time="0.042225522" assertions="9">
  </testcase>
</testsuite>
