<?xml version="1.0" encoding="UTF-8"?>
<testsuite name="NCIJenkinsArchiveTest" tests="1" time="0.007855013" failures="0" errors="0" skipped="0" assertions="29" timestamp="2019-06-27T13:06:32+02:00">
  <testcase name="test_jenkins_archive_builds" time="0.007616661" assertions="29">
  </testcase>
</testsuite>
