<?xml version="1.0" encoding="UTF-8"?>
<testsuite name="DockerContainmentTest" tests="1" time="0.00741795" failures="0" errors="0" skipped="0" assertions="1" timestamp="2019-06-27T13:06:27+02:00">
  <testcase name="test_require" time="0.007293829" assertions="1">
  </testcase>
  <system-err>
W: Requiring deprecated Containment class. Use CI::Containment instead.
  </system-err>
</testsuite>
