<?xml version="1.0" encoding="UTF-8"?>
<testsuite name="ExecutableTest" tests="1" time="0.021323178" failures="0" errors="0" skipped="0" assertions="100" timestamp="2019-06-27T13:06:27+02:00">
  <testcase name="test_all_binaries_exectuable" time="0.02117418" assertions="100">
  </testcase>
</testsuite>
