<?xml version="1.0" encoding="UTF-8"?>
<testsuite name="ContainerTest" tests="7" time="0.069193242" failures="0" errors="0" skipped="0" assertions="13" timestamp="2019-06-27T13:06:27+02:00">
  <testcase name="test_env_whitelist" time="0.009380951" assertions="4">
  </testcase>
  <testcase name="test_exist" time="0.014345819" assertions="2">
  </testcase>
  <testcase name="test_to_bindings" time="0.008073773" assertions="1">
  </testcase>
  <testcase name="test_to_bindings_colons" time="0.009859491" assertions="3">
  </testcase>
  <testcase name="test_to_bindings_mixed_fromat" time="0.008939911" assertions="1">
  </testcase>
  <testcase name="test_to_volumes" time="0.009459763" assertions="1">
  </testcase>
  <testcase name="test_to_volumes_mixed_format" time="0.008649809" assertions="1">
  </testcase>
  <system-err>
/home/me/.rbenv/versions/2.4.0/lib/ruby/gems/2.4.0/gems/docker-api-1.34.2/lib/docker/container.rb:346:in `get': warning: URI.escape is obsolete
/home/me/.rbenv/versions/2.4.0/lib/ruby/gems/2.4.0/gems/docker-api-1.34.2/lib/docker/container.rb:346:in `get': warning: URI.escape is obsolete
/home/me/.rbenv/versions/2.4.0/lib/ruby/gems/2.4.0/gems/docker-api-1.34.2/lib/docker/container.rb:346:in `get': warning: URI.escape is obsolete
/home/me/.rbenv/versions/2.4.0/lib/ruby/gems/2.4.0/gems/docker-api-1.34.2/lib/docker/container.rb:346:in `get': warning: URI.escape is obsolete
/home/me/.rbenv/versions/2.4.0/lib/ruby/gems/2.4.0/gems/docker-api-1.34.2/lib/docker/container.rb:346:in `get': warning: URI.escape is obsolete
/home/me/.rbenv/versions/2.4.0/lib/ruby/gems/2.4.0/gems/docker-api-1.34.2/lib/docker/container.rb:346:in `get': warning: URI.escape is obsolete
/home/me/.rbenv/versions/2.4.0/lib/ruby/gems/2.4.0/gems/docker-api-1.34.2/lib/docker/container.rb:346:in `get': warning: URI.escape is obsolete
/home/me/.rbenv/versions/2.4.0/lib/ruby/gems/2.4.0/gems/docker-api-1.34.2/lib/docker/container.rb:346:in `get': warning: URI.escape is obsolete
/home/me/.rbenv/versions/2.4.0/lib/ruby/gems/2.4.0/gems/docker-api-1.34.2/lib/docker/container.rb:346:in `get': warning: URI.escape is obsolete
/home/me/.rbenv/versions/2.4.0/lib/ruby/gems/2.4.0/gems/docker-api-1.34.2/lib/docker/container.rb:346:in `get': warning: URI.escape is obsolete
/home/me/.rbenv/versions/2.4.0/lib/ruby/gems/2.4.0/gems/docker-api-1.34.2/lib/docker/container.rb:346:in `get': warning: URI.escape is obsolete
/home/me/.rbenv/versions/2.4.0/lib/ruby/gems/2.4.0/gems/docker-api-1.34.2/lib/docker/container.rb:346:in `get': warning: URI.escape is obsolete
/home/me/.rbenv/versions/2.4.0/lib/ruby/gems/2.4.0/gems/docker-api-1.34.2/lib/docker/container.rb:346:in `get': warning: URI.escape is obsolete
/home/me/.rbenv/versions/2.4.0/lib/ruby/gems/2.4.0/gems/docker-api-1.34.2/lib/docker/container.rb:346:in `get': warning: URI.escape is obsolete
/home/me/.rbenv/versions/2.4.0/lib/ruby/gems/2.4.0/gems/docker-api-1.34.2/lib/docker/container.rb:346:in `get': warning: URI.escape is obsolete
/home/me/.rbenv/versions/2.4.0/lib/ruby/gems/2.4.0/gems/docker-api-1.34.2/lib/docker/container.rb:346:in `get': warning: URI.escape is obsolete
  </system-err>
</testsuite>
