<?xml version="1.0" encoding="UTF-8"?>
<testsuite name="ShebangTest" tests="1" time="0.00218608" failures="0" errors="0" skipped="0" assertions="9" timestamp="2019-06-27T13:06:33+02:00">
  <testcase name="test_shebang" time="0.001995651" assertions="9">
  </testcase>
</testsuite>
