<?xml version="1.0" encoding="UTF-8"?>
<testsuite name="Pangea::MailTest" tests="1" time="0.002180735" failures="0" errors="0" skipped="0" assertions="5" timestamp="2019-06-27T13:06:32+02:00">
  <testcase name="test_start" time="0.002089239" assertions="5">
  </testcase>
</testsuite>
