<?xml version="1.0" encoding="UTF-8"?>
<testsuite name="JenkinsJobTest" tests="10" time="1.530219538" failures="0" errors="0" skipped="0" assertions="162" timestamp="2019-06-27T13:06:28+02:00">
  <testcase name="test_class_var" time="0.00171054" assertions="1">
  </testcase>
  <testcase name="test_init" time="0.001615432" assertions="3">
  </testcase>
  <testcase name="test_init_fail" time="0.001515426" assertions="1">
  </testcase>
  <testcase name="test_mass_include" time="1.50278508" assertions="140">
  </testcase>
  <testcase name="test_render_path" time="0.002648182" assertions="1">
  </testcase>
  <testcase name="test_render_template" time="0.002317597" assertions="1">
  </testcase>
  <testcase name="test_to_s" time="0.002001013" assertions="2">
  </testcase>
  <testcase name="test_update" time="0.004504203" assertions="5">
  </testcase>
  <testcase name="test_update_raise" time="0.007684223" assertions="7">
  </testcase>
  <testcase name="test_xml_debug" time="0.002635104" assertions="1">
  </testcase>
  <system-out>
Error on retry_it(unknown) :: RuntimeError
  </system-out>
  <system-err>
/home/me/src/git/pangea-tooling/jenkins-jobs/job.rb:62: warning: instance variable @debug not initialized
/home/me/src/git/pangea-tooling/jenkins-jobs/job.rb:62: warning: instance variable @debug not initialized
/home/me/src/git/pangea-tooling/jenkins-jobs/job.rb:62: warning: instance variable @debug not initialized
  </system-err>
</testsuite>
