<?xml version="1.0" encoding="UTF-8"?>
<testsuite name="MGMTDockerTest" tests="1" time="0.002158406" failures="0" errors="0" skipped="0" assertions="1" timestamp="2019-06-27T13:06:29+02:00">
  <testcase name="test_render" time="0.002060857" assertions="1">
  </testcase>
</testsuite>
