<?xml version="1.0" encoding="UTF-8"?>
<testsuite name="FakePackageTest" tests="1" time="0.003658012" failures="0" errors="0" skipped="0" assertions="6" timestamp="2019-06-27T13:06:27+02:00">
  <testcase name="test_install" time="0.003535652" assertions="6">
  </testcase>
</testsuite>
