<?xml version="1.0" encoding="UTF-8"?>
<testsuite name="DeployTest" tests="4" time="0.585299971" failures="0" errors="0" skipped="0" assertions="10" timestamp="2019-06-27T13:06:27+02:00">
  <testcase name="test_deploy_exists" time="0.086073827" assertions="1">
  </testcase>
  <testcase name="test_deploy_new" time="0.388697449" assertions="1">
  </testcase>
  <testcase name="test_openqa" time="0.002022434" assertions="4">
  </testcase>
  <testcase name="test_upgrade" time="0.108225714" assertions="4">
  </testcase>
  <system-out>
backticking: dpkg-architecture -Wmaster -L
pid 23673 exit 0
backticking: dpkg-architecture -qDEB_HOST_ARCH
pid 23674 exit 0
backticking: dpkg-architecture -Wmaster -L
pid 23681 exit 0
backticking: dpkg-architecture -qDEB_HOST_ARCH
pid 23682 exit 0
backticking: dpkg-architecture -Wmaster -L
pid 23689 exit 0
backticking: dpkg-architecture -qDEB_HOST_ARCH
pid 23690 exit 0
backticking: dpkg-architecture -Wmaster -L
pid 23697 exit 0
backticking: dpkg-architecture -qDEB_HOST_ARCH
pid 23698 exit 0
backticking: dpkg-architecture -Wmaster -L
pid 23705 exit 0
backticking: dpkg-architecture -qDEB_HOST_ARCH
pid 23706 exit 0
backticking: dpkg-architecture -Wmaster -L
pid 23717 exit 0
backticking: dpkg-architecture -qDEB_HOST_ARCH
pid 23718 exit 0
backticking: dpkg-architecture -Wmaster -L
pid 23721 exit 0
backticking: dpkg-architecture -qDEB_HOST_ARCH
pid 23722 exit 0
Failed to create Image from ubuntu:test_upgrade
Trying again with tag wily and an upgrade...
  </system-out>
  <system-err>
Deploying ubuntu wily from []
/home/me/.rbenv/versions/2.4.0/lib/ruby/gems/2.4.0/gems/docker-api-1.34.2/lib/docker/image.rb:129:in `get': warning: URI.escape is obsolete
/home/me/.rbenv/versions/2.4.0/lib/ruby/gems/2.4.0/gems/docker-api-1.34.2/lib/docker/image.rb:129:in `get': warning: URI.escape is obsolete
Deploying ubuntu vivid from []
/home/me/.rbenv/versions/2.4.0/lib/ruby/gems/2.4.0/gems/docker-api-1.34.2/lib/docker/image.rb:129:in `get': warning: URI.escape is obsolete
/home/me/.rbenv/versions/2.4.0/lib/ruby/gems/2.4.0/gems/docker-api-1.34.2/lib/docker/image.rb:129:in `get': warning: URI.escape is obsolete
Deploying debian 1706 from []
/home/me/.rbenv/versions/2.4.0/lib/ruby/gems/2.4.0/gems/docker-api-1.34.2/lib/docker/image.rb:129:in `get': warning: URI.escape is obsolete
/home/me/.rbenv/versions/2.4.0/lib/ruby/gems/2.4.0/gems/docker-api-1.34.2/lib/docker/image.rb:129:in `get': warning: URI.escape is obsolete
Deploying debian 1710 from []
/home/me/.rbenv/versions/2.4.0/lib/ruby/gems/2.4.0/gems/docker-api-1.34.2/lib/docker/image.rb:129:in `get': warning: URI.escape is obsolete
/home/me/.rbenv/versions/2.4.0/lib/ruby/gems/2.4.0/gems/docker-api-1.34.2/lib/docker/image.rb:129:in `get': warning: URI.escape is obsolete
Deploying debian backports from []
/home/me/.rbenv/versions/2.4.0/lib/ruby/gems/2.4.0/gems/docker-api-1.34.2/lib/docker/image.rb:129:in `get': warning: URI.escape is obsolete
/home/me/.rbenv/versions/2.4.0/lib/ruby/gems/2.4.0/gems/docker-api-1.34.2/lib/docker/image.rb:129:in `get': warning: URI.escape is obsolete
Deploying ubuntu wily from []
/home/me/.rbenv/versions/2.4.0/lib/ruby/gems/2.4.0/gems/docker-api-1.34.2/lib/docker/image.rb:129:in `get': warning: URI.escape is obsolete
/home/me/.rbenv/versions/2.4.0/lib/ruby/gems/2.4.0/gems/docker-api-1.34.2/lib/docker/image.rb:129:in `get': warning: URI.escape is obsolete
/home/me/.rbenv/versions/2.4.0/lib/ruby/gems/2.4.0/gems/docker-api-1.34.2/lib/docker/image.rb:129:in `get': warning: URI.escape is obsolete
Deploying ubuntu vivid from []
/home/me/.rbenv/versions/2.4.0/lib/ruby/gems/2.4.0/gems/docker-api-1.34.2/lib/docker/image.rb:129:in `get': warning: URI.escape is obsolete
/home/me/.rbenv/versions/2.4.0/lib/ruby/gems/2.4.0/gems/docker-api-1.34.2/lib/docker/image.rb:129:in `get': warning: URI.escape is obsolete
/home/me/.rbenv/versions/2.4.0/lib/ruby/gems/2.4.0/gems/docker-api-1.34.2/lib/docker/image.rb:129:in `get': warning: URI.escape is obsolete
Deploying debian 1706 from []
/home/me/.rbenv/versions/2.4.0/lib/ruby/gems/2.4.0/gems/docker-api-1.34.2/lib/docker/image.rb:129:in `get': warning: URI.escape is obsolete
/home/me/.rbenv/versions/2.4.0/lib/ruby/gems/2.4.0/gems/docker-api-1.34.2/lib/docker/image.rb:129:in `get': warning: URI.escape is obsolete
/home/me/.rbenv/versions/2.4.0/lib/ruby/gems/2.4.0/gems/docker-api-1.34.2/lib/docker/image.rb:129:in `get': warning: URI.escape is obsolete
Deploying debian 1710 from []
/home/me/.rbenv/versions/2.4.0/lib/ruby/gems/2.4.0/gems/docker-api-1.34.2/lib/docker/image.rb:129:in `get': warning: URI.escape is obsolete
/home/me/.rbenv/versions/2.4.0/lib/ruby/gems/2.4.0/gems/docker-api-1.34.2/lib/docker/image.rb:129:in `get': warning: URI.escape is obsolete
/home/me/.rbenv/versions/2.4.0/lib/ruby/gems/2.4.0/gems/docker-api-1.34.2/lib/docker/image.rb:129:in `get': warning: URI.escape is obsolete
Deploying debian backports from []
/home/me/.rbenv/versions/2.4.0/lib/ruby/gems/2.4.0/gems/docker-api-1.34.2/lib/docker/image.rb:129:in `get': warning: URI.escape is obsolete
/home/me/.rbenv/versions/2.4.0/lib/ruby/gems/2.4.0/gems/docker-api-1.34.2/lib/docker/image.rb:129:in `get': warning: URI.escape is obsolete
/home/me/.rbenv/versions/2.4.0/lib/ruby/gems/2.4.0/gems/docker-api-1.34.2/lib/docker/image.rb:129:in `get': warning: URI.escape is obsolete
Deploying ubuntu wily from ["vivid"]
Deploying ubuntu wily from ["vivid"]
Deploying ubuntu wily from ["vivid"]
/home/me/.rbenv/versions/2.4.0/lib/ruby/gems/2.4.0/gems/docker-api-1.34.2/lib/docker/image.rb:129:in `get': warning: URI.escape is obsolete
Deploying ubuntu test_upgrade from ["wily"]
/home/me/.rbenv/versions/2.4.0/lib/ruby/gems/2.4.0/gems/docker-api-1.34.2/lib/docker/image.rb:129:in `get': warning: URI.escape is obsolete
  </system-err>
</testsuite>
