<?xml version="1.0" encoding="UTF-8"?>
<testsuite name="KDEProjectComponentTest" tests="1" time="0.007345335" failures="0" errors="0" skipped="0" assertions="4" timestamp="2019-06-27T13:06:29+02:00">
  <testcase name="test_kdeprojectcomponent" time="0.007245677" assertions="4">
  </testcase>
</testsuite>
